<?xml version="1.0" encoding="UTF-8"?>
<testsuite xmlns:xsi="http://www.w3.org/2001/XMLSchema-instance" xsi:noNamespaceSchemaLocation="https://maven.apache.org/surefire/maven-surefire-plugin/xsd/surefire-test-report.xsd" version="3.0.2" name="com.example.springpokemon.SpringPokemonApplicationTests" time="1.087" tests="1" errors="0" skipped="0" failures="0">
  <properties>
[...]
</properties>
  <testcase name="contextLoads" classname="com.example.springpokemon.SpringPokemonApplicationTests" time="0.346">
    <system-out><![CDATA[12:48:26.435 [main] INFO org.springframework.test.context.support.AnnotationConfigContextLoaderUtils -- Could not detect default configuration classes for test class [com.example.springpokemon.SpringPokemonApplicationTests]: SpringPokemonApplicationTests does not declare any static, non-private, non-final, nested classes annotated with @Configuration.
12:48:26.479 [main] INFO org.springframework.boot.test.context.SpringBootTestContextBootstrapper -- Found @SpringBootConfiguration com.example.springpokemon.SpringPokemonApplication for test class com.example.springpokemon.SpringPokemonApplicationTests
12:48:26.556 [main] INFO org.springframework.boot.devtools.restart.RestartApplicationListener -- Restart disabled due to context in which it is running

  .   ____          _            __ _ _
 /\\ / ___'_ __ _ _(_)_ __  __ _ \ \ \ \
( ( )\___ | '_ | '_| | '_ \/ _` | \ \ \ \
 \\/  ___)| |_)| | | | | || (_| |  ) ) ) )
  '  |____| .__|_| |_|_| |_\__, | / / / /
 =========|_|==============|___/=/_/_/_/

 :: Spring Boot ::                (v4.0.3)

2026-03-24T12:48:26.672+01:00  INFO 2296 --- [spring-pokemon] [           main] c.e.s.SpringPokemonApplicationTests      : Starting SpringPokemonApplicationTests using Java 21.0.8 with PID 2296 (started by anders in /Users/anders/Desktop/pokemon-unit-tests)
2026-03-24T12:48:26.673+01:00  INFO 2296 --- [spring-pokemon] [           main] c.e.s.SpringPokemonApplicationTests      : No active profile set, falling back to 1 default profile: "default"
2026-03-24T12:48:26.959+01:00  INFO 2296 --- [spring-pokemon] [           main] o.s.b.w.a.WelcomePageHandlerMapping      : Adding welcome page template: index
2026-03-24T12:48:27.096+01:00  INFO 2296 --- [spring-pokemon] [           main] c.e.s.SpringPokemonApplicationTests      : Started SpringPokemonApplicationTests in 0.545 seconds (process running for 1.054)
]]></system-out>
    <system-err><![CDATA[Mockito is currently self-attaching to enable the inline-mock-maker. This will no longer work in future releases of the JDK. Please add Mockito as an agent to your build as described in Mockito's documentation: https://javadoc.io/doc/org.mockito/mockito-core/latest/org.mockito/org/mockito/Mockito.html#0.3
WARNING: A Java agent has been loaded dynamically (/Users/anders/.m2/repository/net/bytebuddy/byte-buddy-agent/1.17.8/byte-buddy-agent-1.17.8.jar)
WARNING: If a serviceability tool is in use, please run with -XX:+EnableDynamicAgentLoading to hide this warning
WARNING: If a serviceability tool is not in use, please run with -Djdk.instrument.traceUsage for more information
WARNING: Dynamic loading of agents will be disallowed by default in a future release
]]></system-err>
  </testcase>
</testsuite>